<?xml version="1.0" encoding="UTF-8"?>
<robot generator="Robot 5.0.1 (Python 3.10.4 on win32)" generated="20220927 19:50:58.348" rpa="false" schemaversion="3">
<suite id="s1" name="Pha-Robot" source="C:\Users\user\Desktop\pha-robot">
<suite id="s1-s1" name="Test" source="C:\Users\user\Desktop\pha-robot\test">
<suite id="s1-s1-s1" name="Suite02" source="C:\Users\user\Desktop\pha-robot\test\suite02.robot">
<test id="s1-s1-s1-t1" name="TEST CASE 02" line="9">
<kw name="entao vejo sua soma" library="kws_test">
<kw name="Log To Console" library="BuiltIn">
<arg>${VARSOMA}</arg>
<doc>Logs the given message to the console.</doc>
<status status="PASS" starttime="20220927 19:50:58.394" endtime="20220927 19:50:58.395"/>
</kw>
<status status="PASS" starttime="20220927 19:50:58.393" endtime="20220927 19:50:58.397"/>
</kw>
<tag>tag01</tag>
<tag>tag03</tag>
<status status="PASS" starttime="20220927 19:50:58.388" endtime="20220927 19:50:58.424"/>
</test>
<doc>segundo teste em robot</doc>
<status status="PASS" starttime="20220927 19:50:58.377" endtime="20220927 19:50:58.428"/>
</suite>
<status status="PASS" starttime="20220927 19:50:58.374" endtime="20220927 19:50:58.440"/>
</suite>
<status status="PASS" starttime="20220927 19:50:58.350" endtime="20220927 19:50:58.444"/>
</suite>
<statistics>
<total>
<stat pass="1" fail="0" skip="0">All Tests</stat>
</total>
<tag>
<stat pass="1" fail="0" skip="0">tag01</stat>
<stat pass="1" fail="0" skip="0">tag03</stat>
</tag>
<suite>
<stat pass="1" fail="0" skip="0" id="s1" name="Pha-Robot">Pha-Robot</stat>
<stat pass="1" fail="0" skip="0" id="s1-s1" name="Test">Pha-Robot.Test</stat>
<stat pass="1" fail="0" skip="0" id="s1-s1-s1" name="Suite02">Pha-Robot.Test.Suite02</stat>
</suite>
</statistics>
<errors>
</errors>
</robot>
