<?xml version="1.0" encoding="UTF-8"?>
<robot generator="Robot 5.0.1 (Python 3.10.4 on win32)" generated="20220927 20:32:38.673" rpa="false" schemaversion="3">
<suite id="s1" name="Pha-Robot" source="C:\Users\user\Desktop\pha-robot">
<suite id="s1-s1" name="Test" source="C:\Users\user\Desktop\pha-robot\test">
<suite id="s1-s1-s1" name="Suite02" source="C:\Users\user\Desktop\pha-robot\test\suite02.robot">
<kw name="abrir navegador" library="kws_test" type="SETUP">
<kw name="Open Browser" library="SeleniumLibrary">
<arg>https://learningprime.com.br/</arg>
<arg>chrome</arg>
<doc>Opens a new browser instance to the optional ``url``.</doc>
<msg timestamp="20220927 20:32:38.949" level="INFO">Opening browser 'chrome' to base url 'https://learningprime.com.br/'.</msg>
<status status="PASS" starttime="20220927 20:32:38.948" endtime="20220927 20:32:44.361"/>
</kw>
<status status="PASS" starttime="20220927 20:32:38.948" endtime="20220927 20:32:44.361"/>
</kw>
<test id="s1-s1-s1-t1" name="TEST CASE 02" line="14">
<kw name="Dado que tenha criado espaco" library="kws_test" type="SETUP">
<kw name="criar espacos no meu codigo" library="kws_test">
<kw name="Log To Console" library="BuiltIn">
<arg>${\n}</arg>
<doc>Logs the given message to the console.</doc>
<status status="PASS" starttime="20220927 20:32:44.363" endtime="20220927 20:32:44.364"/>
</kw>
<status status="PASS" starttime="20220927 20:32:44.363" endtime="20220927 20:32:44.366"/>
</kw>
<status status="PASS" starttime="20220927 20:32:44.362" endtime="20220927 20:32:44.366"/>
</kw>
<kw name="quando eu somar duas variaveis" library="kws_test">
<kw name="Evaluate" library="BuiltIn">
<var>${VARSOMA}</var>
<arg>${VAR01} + ${VAR02}</arg>
<doc>Evaluates the given expression in Python and returns the result.</doc>
<msg timestamp="20220927 20:32:44.368" level="INFO">${VARSOMA} = 199</msg>
<status status="PASS" starttime="20220927 20:32:44.367" endtime="20220927 20:32:44.368"/>
</kw>
<kw name="Set Test Variable" library="BuiltIn">
<arg>${VARSOMA}</arg>
<doc>Makes a variable available everywhere within the scope of the current test.</doc>
<msg timestamp="20220927 20:32:44.369" level="INFO">${VARSOMA} = 199</msg>
<status status="PASS" starttime="20220927 20:32:44.368" endtime="20220927 20:32:44.369"/>
</kw>
<status status="PASS" starttime="20220927 20:32:44.367" endtime="20220927 20:32:44.369"/>
</kw>
<kw name="Entao vejo sua soma" library="kws_test" type="TEARDOWN">
<kw name="Log To Console" library="BuiltIn">
<arg>${VARSOMA}</arg>
<doc>Logs the given message to the console.</doc>
<status status="PASS" starttime="20220927 20:32:44.370" endtime="20220927 20:32:44.371"/>
</kw>
<status status="PASS" starttime="20220927 20:32:44.369" endtime="20220927 20:32:44.371"/>
</kw>
<tag>modulo_financas</tag>
<tag>modulo_vendas</tag>
<tag>tag02</tag>
<status status="PASS" starttime="20220927 20:32:44.361" endtime="20220927 20:32:44.372"/>
</test>
<test id="s1-s1-s1-t2" name="TEST CASE 04" line="18">
<kw name="Dado que tenha criado espaco" library="kws_test" type="SETUP">
<kw name="criar espacos no meu codigo" library="kws_test">
<kw name="Log To Console" library="BuiltIn">
<arg>${\n}</arg>
<doc>Logs the given message to the console.</doc>
<status status="PASS" starttime="20220927 20:32:44.377" endtime="20220927 20:32:44.378"/>
</kw>
<status status="PASS" starttime="20220927 20:32:44.377" endtime="20220927 20:32:44.378"/>
</kw>
<status status="PASS" starttime="20220927 20:32:44.377" endtime="20220927 20:32:44.378"/>
</kw>
<kw name="quando eu somar tres numeros" library="kws_test">
<kw name="Evaluate" library="BuiltIn">
<var>${VARSOMA}</var>
<arg>${VAR01} + ${VAR02} + 3</arg>
<doc>Evaluates the given expression in Python and returns the result.</doc>
<msg timestamp="20220927 20:32:44.379" level="INFO">${VARSOMA} = 202</msg>
<status status="PASS" starttime="20220927 20:32:44.378" endtime="20220927 20:32:44.379"/>
</kw>
<kw name="Set Test Variable" library="BuiltIn">
<arg>${VARSOMA}</arg>
<doc>Makes a variable available everywhere within the scope of the current test.</doc>
<msg timestamp="20220927 20:32:44.380" level="INFO">${VARSOMA} = 202</msg>
<status status="PASS" starttime="20220927 20:32:44.379" endtime="20220927 20:32:44.380"/>
</kw>
<status status="PASS" starttime="20220927 20:32:44.378" endtime="20220927 20:32:44.380"/>
</kw>
<kw name="Entao vejo sua soma" library="kws_test" type="TEARDOWN">
<kw name="Log To Console" library="BuiltIn">
<arg>${VARSOMA}</arg>
<doc>Logs the given message to the console.</doc>
<status status="PASS" starttime="20220927 20:32:44.381" endtime="20220927 20:32:44.385"/>
</kw>
<status status="PASS" starttime="20220927 20:32:44.380" endtime="20220927 20:32:44.386"/>
</kw>
<tag>modulo_financas</tag>
<tag>modulo_vendas</tag>
<tag>tag04</tag>
<status status="PASS" starttime="20220927 20:32:44.375" endtime="20220927 20:32:44.387"/>
</test>
<test id="s1-s1-s1-t3" name="TEST CASE 06" line="22">
<kw name="Dado que tenha criado espaco" library="kws_test" type="SETUP">
<kw name="criar espacos no meu codigo" library="kws_test">
<kw name="Log To Console" library="BuiltIn">
<arg>${\n}</arg>
<doc>Logs the given message to the console.</doc>
<status status="PASS" starttime="20220927 20:32:44.392" endtime="20220927 20:32:44.393"/>
</kw>
<status status="PASS" starttime="20220927 20:32:44.392" endtime="20220927 20:32:44.394"/>
</kw>
<status status="PASS" starttime="20220927 20:32:44.392" endtime="20220927 20:32:44.394"/>
</kw>
<kw name="quando eu somar 4 numeros" library="kws_test">
<kw name="Evaluate" library="BuiltIn">
<var>${VARSOMA}</var>
<arg>${VAR01} + ${VAR02} + 3 + 10</arg>
<doc>Evaluates the given expression in Python and returns the result.</doc>
<msg timestamp="20220927 20:32:44.397" level="INFO">${VARSOMA} = 212</msg>
<status status="PASS" starttime="20220927 20:32:44.397" endtime="20220927 20:32:44.397"/>
</kw>
<kw name="Set Test Variable" library="BuiltIn">
<arg>${VARSOMA}</arg>
<doc>Makes a variable available everywhere within the scope of the current test.</doc>
<msg timestamp="20220927 20:32:44.398" level="INFO">${VARSOMA} = 212</msg>
<status status="PASS" starttime="20220927 20:32:44.397" endtime="20220927 20:32:44.400"/>
</kw>
<status status="PASS" starttime="20220927 20:32:44.395" endtime="20220927 20:32:44.402"/>
</kw>
<kw name="Entao vejo sua soma" library="kws_test" type="TEARDOWN">
<kw name="Log To Console" library="BuiltIn">
<arg>${VARSOMA}</arg>
<doc>Logs the given message to the console.</doc>
<status status="PASS" starttime="20220927 20:32:44.406" endtime="20220927 20:32:44.407"/>
</kw>
<status status="PASS" starttime="20220927 20:32:44.405" endtime="20220927 20:32:44.407"/>
</kw>
<tag>modulo_financas</tag>
<tag>modulo_vendas</tag>
<tag>tag06</tag>
<status status="PASS" starttime="20220927 20:32:44.390" endtime="20220927 20:32:44.408"/>
</test>
<kw name="fechar navegador" library="kws_test" type="TEARDOWN">
<kw name="Close Browser" library="SeleniumLibrary">
<doc>Closes the current browser.</doc>
<status status="PASS" starttime="20220927 20:32:44.410" endtime="20220927 20:32:47.709"/>
</kw>
<status status="PASS" starttime="20220927 20:32:44.409" endtime="20220927 20:32:47.709"/>
</kw>
<doc>segundo teste em robot</doc>
<status status="PASS" starttime="20220927 20:32:38.702" endtime="20220927 20:32:47.709"/>
</suite>
<status status="PASS" starttime="20220927 20:32:38.698" endtime="20220927 20:32:47.712"/>
</suite>
<status status="PASS" starttime="20220927 20:32:38.675" endtime="20220927 20:32:47.714"/>
</suite>
<statistics>
<total>
<stat pass="3" fail="0" skip="0">All Tests</stat>
</total>
<tag>
<stat pass="3" fail="0" skip="0">modulo_financas</stat>
<stat pass="3" fail="0" skip="0">modulo_vendas</stat>
<stat pass="1" fail="0" skip="0">tag02</stat>
<stat pass="1" fail="0" skip="0">tag04</stat>
<stat pass="1" fail="0" skip="0">tag06</stat>
</tag>
<suite>
<stat pass="3" fail="0" skip="0" id="s1" name="Pha-Robot">Pha-Robot</stat>
<stat pass="3" fail="0" skip="0" id="s1-s1" name="Test">Pha-Robot.Test</stat>
<stat pass="3" fail="0" skip="0" id="s1-s1-s1" name="Suite02">Pha-Robot.Test.Suite02</stat>
</suite>
</statistics>
<errors>
</errors>
</robot>
